\BOOKMARK [1][-]{section.1}{Part I: Machine learning methods implementation}{}% 1
\BOOKMARK [2][-]{subsection.1.1}{Linear regression using gradient descent}{section.1}% 2
\BOOKMARK [2][-]{subsection.1.2}{Linear regression using stochastic gradient descent}{section.1}% 3
\BOOKMARK [2][-]{subsection.1.3}{Least squares regression}{section.1}% 4
\BOOKMARK [2][-]{subsection.1.4}{Ridge regression}{section.1}% 5
\BOOKMARK [2][-]{subsection.1.5}{Logistic regression}{section.1}% 6
\BOOKMARK [2][-]{subsection.1.6}{Regularized logistic regression}{section.1}% 7
\BOOKMARK [1][-]{section.2}{The Structure of a Paper}{}% 8
\BOOKMARK [1][-]{section.3}{Tips for Good Writing}{}% 9
\BOOKMARK [2][-]{subsection.3.1}{Getting Help}{section.3}% 10
\BOOKMARK [2][-]{subsection.3.2}{Abstract}{section.3}% 11
\BOOKMARK [2][-]{subsection.3.3}{Figures and Tables}{section.3}% 12
\BOOKMARK [2][-]{subsection.3.4}{Models and Methods}{section.3}% 13
\BOOKMARK [2][-]{subsection.3.5}{Results}{section.3}% 14
\BOOKMARK [1][-]{section.4}{Tips for Good Software}{}% 15
\BOOKMARK [2][-]{subsection.4.1}{LaTeX Primer}{section.4}% 16
\BOOKMARK [3][-]{subsubsection.4.1.1}{Installation}{subsection.4.1}% 17
\BOOKMARK [3][-]{subsubsection.4.1.2}{Compiling LaTeX}{subsection.4.1}% 18
\BOOKMARK [3][-]{subsubsection.4.1.3}{Equations}{subsection.4.1}% 19
\BOOKMARK [3][-]{subsubsection.4.1.4}{Tables and Figures}{subsection.4.1}% 20
\BOOKMARK [1][-]{section.5}{Summary}{}% 21
